
INFO       2017-06-25 13:39:18,801 xml_resultat started
INFO       2017-09-18 01:15:24,714 xml_resultat started
INFO       2017-09-19 06:56:50,297 xml_resultat started
INFO       2017-09-19 06:56:54,026 Sammanställning av nya matchresultat för säsong 2017
refmanagement har begärt ifrån ISA-systemet resultat för 2 matcher.
refmanagement har erhållit ifrån ISA-systemmet resultat från 0 matcher.

Inga matchuppdateringar har genomförts av refmanagement.

Följande matcher uppdaterades inte pga utebliven information från ISA-systemet:<br>Matchen FHC-MORA med speldatum 20170916.<br>Matchen LHF-ÖRE med speldatum 20170916.

Med vänliga hälsningar
refmanagement
INFO       2017-09-21 04:36:00,297 xml_resultat started
INFO       2017-09-21 04:36:04,173 Sammanställning av nya matchresultat för säsong 2017
refmanagement har begärt ifrån ISA-systemet resultat för 3 matcher.
refmanagement har erhållit ifrån ISA-systemmet resultat från 0 matcher.

Inga matchuppdateringar har genomförts av refmanagement.

Följande matcher uppdaterades inte pga utebliven information från ISA-systemet:<br>Matchen FHC-MORA med speldatum 20170916.<br>Matchen LHF-ÖRE med speldatum 20170916.<br>Matchen KHK-SKE med speldatum 20170919.

Med vänliga hälsningar
refmanagement
INFO       2017-09-21 04:45:15,289 xml_resultat started
INFO       2017-09-21 04:45:19,194 Sammanställning av nya matchresultat för säsong 2017
refmanagement har begärt ifrån ISA-systemet resultat för 3 matcher.
refmanagement har erhållit ifrån ISA-systemmet resultat från 3 matcher.

Följande matchuppdateringar har refmanagement lyckats med:<br>Matchen FHC-MIK med GameId=7025 och speldatum=20170916 är uppdaterat med status CloseGame och matchresultat 3-2.<br>Matchen LHF-OHK med GameId=7026 och speldatum=20170916 är uppdaterat med status CloseGame och matchresultat 4-3.<br>Matchen KHK-SAIK med GameId=7027 och speldatum=20170919 är uppdaterat med status CloseGame och matchresultat 1-2.

Med vänliga hälsningar
refmanagement
INFO       2017-09-21 16:11:35,997 xml_resultat started
INFO       2017-09-21 16:11:37,477 Sammanställning av nya matchresultat för säsong 2017
refmanagement har begärt ifrån ISA-systemet resultat för 0 matcher.
refmanagement har erhållit ifrån ISA-systemmet resultat från 0 matcher.

Inga matchuppdateringar har genomförts av refmanagement.

Med vänliga hälsningar
refmanagement
